# JRE version: Java(TM) SE Runtime Environment (25.0.1+8) (build 25.0.1+8-LTS-27)
# Java VM: Java HotSpot(TM) 64-Bit Server VM (25.0.1+8-LTS-27, mixed mode, sharing, tiered, compressed oops, compressed class ptrs, g1 gc, windows-amd64)
GC Precious Log:
 CardTable entry size: 512
 Card Set container configuration: InlinePtr #cards 5 size 8 Array Of Cards #cards 10 size 36 Howl #buckets 4 coarsen threshold 1843 Howl Bitmap #cards 512 size 80 coarsen threshold 460 Card regions per heap region 1 cards per card region 2048
 CPUs: 8 total, 8 available
 Memory: 8020M
 Large Page Support: Disabled
 NUMA Support: Disabled
 Compressed Oops: Enabled (32-bit)
 Heap Region Size: 1M
 Heap Min Capacity: 8M
 Heap Initial Capacity: 126M
 Heap Max Capacity: 2006M
 Pre-touch: Disabled
 Parallel Workers: 8
 Concurrent Workers: 2
 Concurrent Refinement Workers: 8
 Periodic GC: Disabled
Heap:
 garbage-first heap   total reserved 2054144K, committed 68608K, used 44437K [0x0000000082a00000, 0x0000000100000000)
  region size 1024K, 19 young (19456K), 5 survivors (5120K)
GC Heap Usage History (20 events):
Event: 1.346 {heap Before GC invocations=0 (full 0):
 garbage-first heap   total reserved 2054144K, committed 131072K, used 51349K [0x0000000082a00000, 0x0000000100000000)
  region size 1024K, 47 young (48128K), 0 survivors (0K)
}
Event: 1.357 {heap After GC invocations=1 (full 0):
 garbage-first heap   total reserved 2054144K, committed 131072K, used 10175K [0x0000000082a00000, 0x0000000100000000)
  region size 1024K, 6 young (6144K), 6 survivors (6144K)
}
Event: 2.576 {heap Before GC invocations=1 (full 0):
 garbage-first heap   total reserved 2054144K, committed 131072K, used 55231K [0x0000000082a00000, 0x0000000100000000)
  region size 1024K, 51 young (52224K), 6 survivors (6144K)
}
Event: 2.597 {heap After GC invocations=2 (full 0):
 garbage-first heap   total reserved 2054144K, committed 131072K, used 16135K [0x0000000082a00000, 0x0000000100000000)
  region size 1024K, 6 young (6144K), 6 survivors (6144K)
}
Event: 4.122 {heap Before GC invocations=3 (full 0):
 garbage-first heap   total reserved 2054144K, committed 58368K, used 57095K [0x0000000082a00000, 0x0000000100000000)
  region size 1024K, 46 young (47104K), 6 survivors (6144K)
}
Event: 4.133 {heap After GC invocations=4 (full 0):
 garbage-first heap   total reserved 2054144K, committed 68608K, used 20010K [0x0000000082a00000, 0x0000000100000000)
  region size 1024K, 4 young (4096K), 4 survivors (4096K)
}
Event: 4.984 {heap Before GC invocations=4 (full 0):
 garbage-first heap   total reserved 2054144K, committed 68608K, used 48682K [0x0000000082a00000, 0x0000000100000000)
  region size 1024K, 32 young (32768K), 4 survivors (4096K)
}
Event: 4.990 {heap After GC invocations=5 (full 0):
 garbage-first heap   total reserved 2054144K, committed 68608K, used 22944K [0x0000000082a00000, 0x0000000100000000)
  region size 1024K, 3 young (3072K), 3 survivors (3072K)
}
Event: 5.040 {heap Before GC invocations=5 (full 0):
 garbage-first heap   total reserved 2054144K, committed 68608K, used 23968K [0x0000000082a00000, 0x0000000100000000)
  region size 1024K, 5 young (5120K), 3 survivors (3072K)
}
Event: 5.042 {heap After GC invocations=6 (full 0):
 garbage-first heap   total reserved 2054144K, committed 68608K, used 23131K [0x0000000082a00000, 0x0000000100000000)
  region size 1024K, 1 young (1024K), 1 survivors (1024K)
}
Event: 6.249 {heap Before GC invocations=7 (full 0):
 garbage-first heap   total reserved 2054144K, committed 68608K, used 52827K [0x0000000082a00000, 0x0000000100000000)
  region size 1024K, 30 young (30720K), 1 survivors (1024K)
}
Event: 6.252 {heap After GC invocations=8 (full 0):
 garbage-first heap   total reserved 2054144K, committed 68608K, used 24636K [0x0000000082a00000, 0x0000000100000000)
  region size 1024K, 3 young (3072K), 3 survivors (3072K)
}
Event: 7.114 {heap Before GC invocations=8 (full 0):
 garbage-first heap   total reserved 2054144K, committed 68608K, used 53308K [0x0000000082a00000, 0x0000000100000000)
  region size 1024K, 32 young (32768K), 3 survivors (3072K)
}
Event: 7.118 {heap After GC invocations=9 (full 0):
 garbage-first heap   total reserved 2054144K, committed 68608K, used 25991K [0x0000000082a00000, 0x0000000100000000)
  region size 1024K, 4 young (4096K), 4 survivors (4096K)
}
Event: 7.896 {heap Before GC invocations=9 (full 0):
 garbage-first heap   total reserved 2054144K, committed 68608K, used 53639K [0x0000000082a00000, 0x0000000100000000)
  region size 1024K, 32 young (32768K), 4 survivors (4096K)
}
Event: 7.903 {heap After GC invocations=10 (full 0):
 garbage-first heap   total reserved 2054144K, committed 68608K, used 27867K [0x0000000082a00000, 0x0000000100000000)
  region size 1024K, 4 young (4096K), 4 survivors (4096K)
}
Event: 8.705 {heap Before GC invocations=11 (full 0):
 garbage-first heap   total reserved 2054144K, committed 68608K, used 58587K [0x0000000082a00000, 0x0000000100000000)
  region size 1024K, 34 young (34816K), 4 survivors (4096K)
}
Event: 8.711 {heap After GC invocations=12 (full 0):
 garbage-first heap   total reserved 2054144K, committed 68608K, used 30391K [0x0000000082a00000, 0x0000000100000000)
  region size 1024K, 5 young (5120K), 5 survivors (5120K)
}
Event: 9.323 {heap Before GC invocations=12 (full 0):
 garbage-first heap   total reserved 2054144K, committed 68608K, used 58039K [0x0000000082a00000, 0x0000000100000000)
  region size 1024K, 33 young (33792K), 5 survivors (5120K)
}
Event: 9.329 {heap After GC invocations=13 (full 0):
 garbage-first heap   total reserved 2054144K, committed 68608K, used 32149K [0x0000000082a00000, 0x0000000100000000)
  region size 1024K, 5 young (5120K), 5 survivors (5120K)
}

